RUN	sushiShopLoad.sushiShopLoadSimulation	sushishoploadsimulation	1599843991701	 	3.3.1
USER	scenarioThree	1	START	1599843992826	1599843992826
REQUEST	1		openMainPage	1599843992866	1599843992981	OK	 
REQUEST	1		makeAnOrder	1599843993026	1599843993089	OK	 
USER	scenarioThree	1	END	1599843992826	1599843993166
USER	scenarioThree	2	START	1599843993167	1599843993167
REQUEST	2		openMainPage	1599843993168	1599843993278	OK	 
REQUEST	2		makeAnOrder	1599843993284	1599843993338	OK	 
USER	scenarioThree	2	END	1599843993167	1599843993346
USER	scenarioThree	3	START	1599843993348	1599843993348
REQUEST	3		openMainPage	1599843993350	1599843993462	OK	 
REQUEST	3		makeAnOrder	1599843993468	1599843993524	OK	 
USER	scenarioThree	3	END	1599843993348	1599843993526
USER	scenarioThree	4	START	1599843993528	1599843993528
REQUEST	4		openMainPage	1599843993530	1599843993642	OK	 
REQUEST	4		makeAnOrder	1599843993647	1599843993702	OK	 
USER	scenarioThree	4	END	1599843993528	1599843993707
USER	scenarioThree	5	START	1599843993708	1599843993708
REQUEST	5		openMainPage	1599843993710	1599843993818	OK	 
REQUEST	5		makeAnOrder	1599843993821	1599843993874	OK	 
USER	scenarioThree	5	END	1599843993708	1599843993876
USER	scenarioThree	6	START	1599843993877	1599843993877
REQUEST	6		openMainPage	1599843993878	1599843993985	OK	 
REQUEST	6		makeAnOrder	1599843993990	1599843994044	OK	 
USER	scenarioThree	6	END	1599843993877	1599843994049
USER	scenarioThree	7	START	1599843994050	1599843994050
REQUEST	7		openMainPage	1599843994052	1599843994160	OK	 
REQUEST	7		makeAnOrder	1599843994165	1599843994219	OK	 
USER	scenarioThree	7	END	1599843994050	1599843994221
USER	scenarioThree	8	START	1599843994222	1599843994222
REQUEST	8		openMainPage	1599843994223	1599843994325	OK	 
REQUEST	8		makeAnOrder	1599843994330	1599843994387	OK	 
USER	scenarioThree	8	END	1599843994222	1599843994389
USER	scenarioThree	9	START	1599843994389	1599843994389
REQUEST	9		openMainPage	1599843994391	1599843994496	OK	 
REQUEST	9		makeAnOrder	1599843994501	1599843994555	OK	 
USER	scenarioThree	9	END	1599843994389	1599843994559
USER	scenarioThree	10	START	1599843994560	1599843994560
REQUEST	10		openMainPage	1599843994562	1599843994665	OK	 
REQUEST	10		makeAnOrder	1599843994669	1599843994724	OK	 
USER	scenarioThree	10	END	1599843994560	1599843994729
USER	scenarioThree	11	START	1599843994730	1599843994730
REQUEST	11		openMainPage	1599843994732	1599843994835	OK	 
REQUEST	11		makeAnOrder	1599843994839	1599843994895	OK	 
USER	scenarioThree	11	END	1599843994730	1599843994899
USER	scenarioThree	12	START	1599843994900	1599843994900
REQUEST	12		openMainPage	1599843994902	1599843995005	OK	 
REQUEST	12		makeAnOrder	1599843995009	1599843995064	OK	 
USER	scenarioThree	12	END	1599843994900	1599843995067
USER	scenarioThree	13	START	1599843995067	1599843995067
REQUEST	13		openMainPage	1599843995069	1599843995175	OK	 
REQUEST	13		makeAnOrder	1599843995179	1599843995234	OK	 
USER	scenarioThree	13	END	1599843995067	1599843995238
USER	scenarioThree	14	START	1599843995238	1599843995238
REQUEST	14		openMainPage	1599843995239	1599843995342	OK	 
REQUEST	14		makeAnOrder	1599843995347	1599843995403	OK	 
USER	scenarioThree	14	END	1599843995238	1599843995406
USER	scenarioThree	15	START	1599843995406	1599843995406
REQUEST	15		openMainPage	1599843995407	1599843995507	OK	 
REQUEST	15		makeAnOrder	1599843995511	1599843995565	OK	 
USER	scenarioThree	15	END	1599843995406	1599843995570
USER	scenarioThree	16	START	1599843995571	1599843995571
REQUEST	16		openMainPage	1599843995573	1599843995674	OK	 
REQUEST	16		makeAnOrder	1599843995678	1599843995732	OK	 
USER	scenarioThree	16	END	1599843995571	1599843995736
USER	scenarioThree	17	START	1599843995738	1599843995738
REQUEST	17		openMainPage	1599843995739	1599843995840	OK	 
REQUEST	17		makeAnOrder	1599843995843	1599843995896	OK	 
USER	scenarioThree	17	END	1599843995738	1599843995900
USER	scenarioThree	18	START	1599843995901	1599843995901
REQUEST	18		openMainPage	1599843995903	1599843996006	OK	 
REQUEST	18		makeAnOrder	1599843996011	1599843996065	OK	 
USER	scenarioThree	18	END	1599843995901	1599843996069
USER	scenarioThree	19	START	1599843996070	1599843996070
REQUEST	19		openMainPage	1599843996071	1599843996172	OK	 
REQUEST	19		makeAnOrder	1599843996176	1599843996230	OK	 
USER	scenarioThree	19	END	1599843996070	1599843996234
USER	scenarioThree	20	START	1599843996235	1599843996235
REQUEST	20		openMainPage	1599843996237	1599843996339	OK	 
REQUEST	20		makeAnOrder	1599843996343	1599843996400	OK	 
USER	scenarioThree	20	END	1599843996235	1599843996405
USER	scenarioThree	21	START	1599843996405	1599843996405
REQUEST	21		openMainPage	1599843996407	1599843996509	OK	 
REQUEST	21		makeAnOrder	1599843996514	1599843996569	OK	 
USER	scenarioThree	21	END	1599843996405	1599843996573
USER	scenarioThree	22	START	1599843996574	1599843996574
REQUEST	22		openMainPage	1599843996575	1599843996680	OK	 
REQUEST	22		makeAnOrder	1599843996684	1599843996738	OK	 
USER	scenarioThree	22	END	1599843996574	1599843996742
USER	scenarioThree	23	START	1599843996743	1599843996743
REQUEST	23		openMainPage	1599843996745	1599843996845	OK	 
REQUEST	23		makeAnOrder	1599843996849	1599843996904	OK	 
USER	scenarioThree	23	END	1599843996743	1599843996908
USER	scenarioThree	24	START	1599843996909	1599843996909
REQUEST	24		openMainPage	1599843996910	1599843997012	OK	 
REQUEST	24		makeAnOrder	1599843997016	1599843997070	OK	 
USER	scenarioThree	24	END	1599843996909	1599843997073
USER	scenarioThree	25	START	1599843997074	1599843997074
REQUEST	25		openMainPage	1599843997075	1599843997176	OK	 
REQUEST	25		makeAnOrder	1599843997179	1599843997234	OK	 
USER	scenarioThree	25	END	1599843997074	1599843997238
USER	scenarioThree	26	START	1599843997239	1599843997239
REQUEST	26		openMainPage	1599843997240	1599843997342	OK	 
REQUEST	26		makeAnOrder	1599843997346	1599843997400	OK	 
USER	scenarioThree	26	END	1599843997239	1599843997404
USER	scenarioThree	27	START	1599843997405	1599843997405
REQUEST	27		openMainPage	1599843997407	1599843997512	OK	 
REQUEST	27		makeAnOrder	1599843997515	1599843997568	OK	 
USER	scenarioThree	27	END	1599843997405	1599843997572
USER	scenarioThree	28	START	1599843997573	1599843997573
REQUEST	28		openMainPage	1599843997574	1599843997675	OK	 
REQUEST	28		makeAnOrder	1599843997679	1599843997733	OK	 
USER	scenarioThree	28	END	1599843997573	1599843997737
USER	scenarioThree	29	START	1599843997738	1599843997738
REQUEST	29		openMainPage	1599843997739	1599843997840	OK	 
REQUEST	29		makeAnOrder	1599843997844	1599843997899	OK	 
USER	scenarioThree	29	END	1599843997738	1599843997903
USER	scenarioThree	30	START	1599843997904	1599843997904
REQUEST	30		openMainPage	1599843997906	1599843998005	OK	 
REQUEST	30		makeAnOrder	1599843998009	1599843998062	OK	 
USER	scenarioThree	30	END	1599843997904	1599843998066
USER	scenarioThree	31	START	1599843998067	1599843998067
REQUEST	31		openMainPage	1599843998069	1599843998171	OK	 
REQUEST	31		makeAnOrder	1599843998175	1599843998238	OK	 
USER	scenarioThree	31	END	1599843998067	1599843998241
USER	scenarioThree	32	START	1599843998242	1599843998242
REQUEST	32		openMainPage	1599843998244	1599843998345	OK	 
REQUEST	32		makeAnOrder	1599843998349	1599843998402	OK	 
USER	scenarioThree	32	END	1599843998242	1599843998406
USER	scenarioThree	33	START	1599843998407	1599843998407
REQUEST	33		openMainPage	1599843998408	1599843998512	OK	 
REQUEST	33		makeAnOrder	1599843998515	1599843998569	OK	 
USER	scenarioThree	33	END	1599843998407	1599843998572
USER	scenarioThree	34	START	1599843998573	1599843998573
REQUEST	34		openMainPage	1599843998575	1599843998674	OK	 
REQUEST	34		makeAnOrder	1599843998678	1599843998731	OK	 
USER	scenarioThree	34	END	1599843998573	1599843998734
USER	scenarioThree	35	START	1599843998735	1599843998735
REQUEST	35		openMainPage	1599843998737	1599843998837	OK	 
REQUEST	35		makeAnOrder	1599843998841	1599843998895	OK	 
USER	scenarioThree	35	END	1599843998735	1599843998898
USER	scenarioThree	36	START	1599843998899	1599843998899
REQUEST	36		openMainPage	1599843998901	1599843999001	OK	 
REQUEST	36		makeAnOrder	1599843999005	1599843999058	OK	 
USER	scenarioThree	36	END	1599843998899	1599843999061
USER	